justSoft_gjp/build/proguard/release/seeds.txt
com.actionbarsherlock.internal.view.menu.MenuBuilder$Callback
com.actionbarsherlock.internal.view.menu.MenuBuilder$Callback: boolean onMenuItemSelected(com.actionbarsherlock.internal.view.menu.MenuBuilder,com.actionbarsherlock.view.MenuItem)
com.actionbarsherlock.internal.view.menu.MenuBuilder$Callback: void onMenuModeChange(com.actionbarsherlock.internal.view.menu.MenuBuilder)
com.actionbarsherlock.internal.view.menu.MenuBuilder$ItemInvoker
com.actionbarsherlock.internal.view.menu.MenuBuilder$ItemInvoker: boolean invokeItem(com.actionbarsherlock.internal.view.menu.MenuItemImpl)
com.actionbarsherlock.internal.view.menu.MenuItemImpl
com.actionbarsherlock.internal.view.menu.MenuItemImpl: java.lang.String TAG
com.actionbarsherlock.internal.view.menu.MenuItemImpl: int SHOW_AS_ACTION_MASK
com.actionbarsherlock.internal.view.menu.MenuItemImpl: int mId
com.actionbarsherlock.internal.view.menu.MenuItemImpl: int mGroup
com.actionbarsherlock.internal.view.menu.MenuItemImpl: int mCategoryOrder
com.actionbarsherlock.internal.view.menu.MenuItemImpl: int mOrdering
com.actionbarsherlock.internal.view.menu.MenuItemImpl: java.lang.CharSequence mTitle
com.actionbarsherlock.internal.view.menu.MenuItemImpl: java.lang.CharSequence mTitleCondensed
com.actionbarsherlock.internal.view.menu.MenuItemImpl: android.content.Intent mIntent
com.actionbarsherlock.internal.view.menu.MenuItemImpl: char mShortcutNumericChar
com.actionbarsherlock.internal.view.menu.MenuItemImpl: char mShortcutAlphabeticChar
com.actionbarsherlock.internal.view.menu.MenuItemImpl: android.graphics.drawable.Drawable mIconDrawable
com.actionbarsherlock.internal.view.menu.MenuItemImpl: int mIconResId
com.actionbarsherlock.internal.view.menu.MenuItemImpl: com.actionbarsherlock.internal.view.menu.MenuBuilder mMenu
com.actionbarsherlock.internal.view.menu.MenuItemImpl: com.actionbarsherlock.internal.view.menu.SubMenuBuilder mSubMenu
com.actionbarsherlock.internal.view.menu.MenuItemImpl: java.lang.Runnable mItemCallback
com.actionbarsherlock.internal.view.menu.MenuItemWrapper
com.actionbarsherlock.internal.view.menu.MenuItemWrapper: android.view.MenuItem mNativeItem
com.actionbarsherlock.internal.view.menu.MenuItemWrapper: com.actionbarsherlock.view.SubMenu mSubMenu
com.actionbarsherlock.internal.view.menu.MenuItemWrapper: com.actionbarsherlock.view.MenuItem$OnMenuItemClickListener mMenuItemClickListener
com.actionbarsherlock.internal.view.menu.MenuItemWrapper: com.actionbarsherlock.view.MenuItem$OnActionExpandListener mActionExpandListener
com.actionbarsherlock.internal.view.menu.MenuItemWrapper: android.view.MenuItem$OnActionExpandListener mNativeActionExpandListener
com.actionbarsherlock.internal.view.menu.MenuItemWrapper: MenuItemWrapper(android.view.MenuItem)
com.actionbarsherlock.internal.view.menu.MenuItemWrapper: int getItemId()
com.actionbarsherlock.internal.view.menu.MenuItemWrapper: int getGroupId()
com.actionbarsherlock.internal.view.menu.MenuItemWrapper: int getOrder()
com.actionbarsherlock.internal.view.menu.MenuItemWrapper: com.actionbarsherlock.view.MenuItem setTitle(java.lang.CharSequence)
com.actionbarsherlock.internal.view.menu.MenuItemWrapper: com.actionbarsherlock.view.MenuItem setTitle(int)
com.actionbarsherlock.internal.view.menu.MenuItemWrapper: java.lang.CharSequence getTitle()
com.actionbarsherlock.internal.view.menu.MenuItemWrapper: com.actionbarsherlock.view.MenuItem setTitleCondensed(java.lang.CharSequence)