justSoft_gjp/build/proguard/release/mapping.txt
com.jetsoft.activity.draft.DraftListActivity$DraftInfoAdapter -> com.jetsoft.activity.draft.c:
    com.jetsoft.activity.draft.DraftListActivity this$0 -> a
    int getCount() -> getCount
    java.lang.Object getItem(int) -> getItem
    long getItemId(int) -> getItemId
    android.view.View getView(int,android.view.View,android.view.ViewGroup) -> getView
    java.lang.String getFormatType(java.lang.String) -> a
com.jetsoft.activity.draft.DraftListActivity$DraftInfoAdapter$ViewHolder -> com.jetsoft.activity.draft.d:
    android.widget.TextView dj_no -> a
    android.widget.TextView dj_type -> b
    android.widget.TextView dj_dw -> c
    android.widget.TextView dj_jsr -> d
    android.widget.TextView dj_date -> e
    com.jetsoft.activity.draft.DraftListActivity$DraftInfoAdapter this$1 -> f
com.jetsoft.activity.draft.DraftListActivity$GetDataTask -> com.jetsoft.activity.draft.e:
    com.jetsoft.activity.draft.DraftListActivity this$0 -> a
    java.lang.String[] doInBackground(java.lang.Void[]) -> a
    java.lang.Object doInBackground(java.lang.Object[]) -> doInBackground
com.jetsoft.activity.draft.DraftListActivity$GetDraftContent -> com.jetsoft.activity.draft.f:
    com.jetsoft.activity.draft.DraftListActivity this$0 -> a
    void run() -> run
com.jetsoft.activity.draft.DraftListActivity$GetDraftProduct -> com.jetsoft.activity.draft.g:
    com.jetsoft.entity.TableEntity te -> a
    com.jetsoft.activity.draft.DraftListActivity this$0 -> b
    void run() -> run
com.jetsoft.activity.draft.DraftListActivity$SubmitExcute -> com.jetsoft.activity.draft.h:
    com.jetsoft.activity.draft.DraftListActivity this$0 -> a
    void run() -> run
com.jetsoft.activity.dynic.DynicActivity -> com.jetsoft.activity.dynic.DynicActivity:
    android.widget.RelativeLayout ldrq_layout -> Y
    android.widget.RelativeLayout wldw_action -> Z
    android.widget.RelativeLayout jsr_action -> aa
    android.widget.RelativeLayout bm_action -> ab
    android.widget.RelativeLayout ck_action -> ac
    android.widget.RelativeLayout fkzh_action -> ad
    android.widget.EditText bm_edit -> a
    android.widget.EditText ck_edit -> b
    android.widget.EditText jsr_edit -> c
    android.widget.EditText dw_edit -> d
    android.widget.EditText zh_edit -> N
    android.widget.EditText zy_edit -> O
    android.widget.EditText je_edit -> P
    android.widget.EditText youhui_je_edit -> Q
    android.widget.TextView ldrq_date -> R
    android.widget.EditText ldbh_edit -> S
    android.widget.ListView entity_list -> ae
    android.widget.ImageView dw_add -> af
    android.widget.ImageView jsr_add -> ag
    android.widget.ImageView bm_add -> ah
    android.widget.ImageView ck_add -> ai
    android.widget.ImageView zh_add -> aj
    com.jetsoft.entity.SaveTablesForm form -> ak
    com.jetsoft.entity.OrderEntity orderEntity -> al
    boolean fromDraft -> T
    android.widget.TextView amount -> am
    java.lang.String openTypeAZ -> U
    java.util.List dataList -> V
    android.support.v4.view.ViewPager pager -> W
    com.jetsoft.entity.TableEntity te -> X
    void onCreate(android.os.Bundle) -> onCreate
com.jetsoft.activity.dynic.DynicActivity$1 -> com.jetsoft.activity.dynic.a:
    java.util.Calendar val$calendar -> a
    android.widget.TextView val$tv -> b
    com.jetsoft.activity.dynic.DynicActivity this$0 -> c
    void onDateSet(android.widget.DatePicker,int,int,int) -> onDateSet
com.jetsoft.activity.dynic.KeMuViewHolder -> com.jetsoft.activity.dynic.b:
    android.widget.TextView kmbh -> a
    android.widget.TextView kmqm -> b
    android.widget.TextView amount -> c
    android.view.View convertView -> d
    void setValue(java.util.HashMap) -> a
    android.view.View getConvertView(android.content.Context) -> a
    void findViewbyId() -> a