justSoft_gjp/build/proguard/release/usage.txt
com.umeng.analytics.c:
====    38:39:public void a(int)
====    49:56:public void a(java.lang.String)
====    59:62:public long b(java.lang.String)
====    66:67:public void a(java.lang.String,java.util.HashMap)
====    70:73:public java.util.HashMap c(java.lang.String)
====    78:79:public synchronized void a(java.lang.String,java.lang.String,java.lang.String,long,int)
====    82:83:public synchronized void a(java.lang.String,java.lang.String,java.util.HashMap,long)
com.umeng.analytics.d:
====    82:83:public void e(android.content.Context)
====    459:461:public void a(int,long)
com.umeng.analytics.f:
====    7:10:public f(java.lang.String,long)
com.umeng.analytics.g:
    public static final java.lang.String a
    public static final java.lang.String b
    public static final java.lang.String c
    static final int e
    static final int f
    static final java.lang.String n
    static final java.lang.String o
    public static final java.lang.String q
    static final java.lang.String u
    static final java.lang.String v
    static final java.lang.String w
    static final java.lang.String x
    static final java.lang.String y
    static final java.lang.String z
    public static final java.lang.String A
    public static final java.lang.String B
    public static final java.lang.String C
    public static final java.lang.String D
    public static final java.lang.String E
    public static final java.lang.String F
    public static final java.lang.String G
    public static final java.lang.String H
====    8:8:public g()
com.umeng.analytics.j:
    private static final java.lang.String c
    private static final java.lang.String d
    private static final java.lang.String e
    private static final java.lang.String f
    private static final java.lang.String g
    private static final java.lang.String h
    private static final java.lang.String i
    private static final java.lang.String j
====    27:27:public j()
====    40:40:static android.content.SharedPreferences a(android.content.Context)
====    52:52:static android.content.SharedPreferences d(android.content.Context)
====    68:92:static org.json.JSONObject h(android.content.Context)
com.umeng.analytics.k
com.umeng.analytics.onlineconfig.UmengOnlineConfigureListener:
====    public abstract void onDataReceived(org.json.JSONObject)
com.umeng.analytics.onlineconfig.a:
====    46:56:public void a(android.content.Context)
====    60:64:public void a(android.content.Context,java.lang.String,java.lang.String)
====    67:68:public void a(com.umeng.analytics.onlineconfig.UmengOnlineConfigureListener)
====    71:72:public void a()
====    79:80:public void b()
====    83:84:private void a(org.json.JSONObject)
====    87:96:private java.lang.String b(android.content.Context)
====    100:100:private java.lang.String c(android.content.Context)
====    105:125:private org.json.JSONObject d(android.content.Context)
====    130:131:private java.lang.String e(android.content.Context)
====    135:150:private void a(android.content.Context,com.umeng.analytics.onlineconfig.b)
====    153:178:private void b(android.content.Context,com.umeng.analytics.onlineconfig.b)
====    82:82:static synthetic void a(com.umeng.analytics.onlineconfig.a,org.json.JSONObject)
====    103:103:static synthetic org.json.JSONObject a(com.umeng.analytics.onlineconfig.a,android.content.Context)
====    36:36:static synthetic com.umeng.analytics.onlineconfig.c a(com.umeng.analytics.onlineconfig.a)
====    134:134:static synthetic void a(com.umeng.analytics.onlineconfig.a,android.content.Context,com.umeng.analytics.onlineconfig.b)
====    152:152:static synthetic void b(com.umeng.analytics.onlineconfig.a,android.content.Context,com.umeng.analytics.onlineconfig.b)
com.umeng.analytics.onlineconfig.a$a
com.umeng.analytics.onlineconfig.a$b
com.umeng.analytics.onlineconfig.b
com.umeng.analytics.onlineconfig.c: